Arguments: 
  C:\Program Files\nodejs\node.exe C:\Users\Midhun\AppData\Roaming\npm\node_modules\yarn\bin\yarn.js

PATH: 
  C:\Program Files\Git\mingw64\bin;C:\Program Files\Git\usr\bin;C:\Users\Midhun\bin;C:\Python38\Scripts;C:\Python38;C:\WINDOWS\system32;C:\WINDOWS;C:\WINDOWS\System32\Wbem;C:\WINDOWS\System32\WindowsPowerShell\v1.0;C:\WINDOWS\System32\OpenSSH;C:\Program Files\Git\cmd;C:\Program Files\dotnet;C:\Program Files\Microsoft SQL Server\Client SDK\ODBC\130\Tools\Binn;C:\Program Files (x86)\Microsoft SQL Server\140\Tools\Binn;C:\Program Files\Microsoft SQL Server\140\Tools\Binn;C:\Program Files\Microsoft SQL Server\140\DTS\Binn;C:\Program Files\nodejs;C:\ProgramData\chocolatey\bin;C:\Program Files (x86)\Windows Kits\10\Windows Performance Toolkit;C:\Program Files\Microsoft VS Code\bin;C:\Program Files (x86)\NVIDIA Corporation\PhysX\Common;C:\Program Files\MySQL\MySQL Shell 8.0\bin;C:\Users\Midhun\AppData\Local\Microsoft\WindowsApps;C:\Users\Midhun\.dotnet\tools;C:\Users\Midhun\AppData\Roaming\npm

Yarn version: 
  1.22.11

Node version: 
  12.18.3

Platform: 
  win32 x64

Trace: 
  SyntaxError: D:\Tournament-be\package.json: Unexpected token } in JSON at position 283
      at JSON.parse (<anonymous>)
      at C:\Users\Midhun\AppData\Roaming\npm\node_modules\yarn\lib\cli.js:1625:59
      at Generator.next (<anonymous>)
      at step (C:\Users\Midhun\AppData\Roaming\npm\node_modules\yarn\lib\cli.js:310:30)
      at C:\Users\Midhun\AppData\Roaming\npm\node_modules\yarn\lib\cli.js:321:13

npm manifest: 
  {
    "name": "tournament",
    "version": "1.0.0",
    "description": "",
    "main": "index.js",
    "scripts": {
      "test": "echo \"Error: no test specified\" && exit 1"
    },
    "author": "",
    "license": "ISC",
    "dependencies": {
      "body-parser": "^1.19.0",
      "express": "^4.17.1",
    }
  }

yarn manifest: 
  No manifest

Lockfile: 
  No lockfile
